The system is: Linux - 3.10.17-1-MANJARO - i686
Compiling the C compiler identification source file "CMakeCCompilerId.c" succeeded.
Compiler: /usr/bin/cc 
Build flags: 
Id flags: 

The output was:
0


Compilation of the C compiler identification source "CMakeCCompilerId.c" produced "a.out"

The C compiler identification is GNU, found in "/media/shared/Tp/M1UPS/TP/OIM/Tp6/build/CMakeFiles/2.8.12.1/CompilerIdC/a.out"

Compiling the CXX compiler identification source file "CMakeCXXCompilerId.cpp" succeeded.
Compiler: /usr/bin/c++ 
Build flags: 
Id flags: 

The output was:
0


Compilation of the CXX compiler identification source "CMakeCXXCompilerId.cpp" produced "a.out"

The CXX compiler identification is GNU, found in "/media/shared/Tp/M1UPS/TP/OIM/Tp6/build/CMakeFiles/2.8.12.1/CompilerIdCXX/a.out"

Determining if the C compiler works passed with the following output:
Change Dir: /media/shared/Tp/M1UPS/TP/OIM/Tp6/build/CMakeFiles/CMakeTmp

Run Build Command:/usr/bin/make "cmTryCompileExec2271807241/fast"
make: Warning: File 'Makefile' has modification time 1,9 s in the future
/usr/bin/make -f CMakeFiles/cmTryCompileExec2271807241.dir/build.make CMakeFiles/cmTryCompileExec2271807241.dir/build
make[1]: Entering directory '/media/shared/Tp/M1UPS/TP/OIM/Tp6/build/CMakeFiles/CMakeTmp'
make[1]: Warning: File 'CMakeFiles/cmTryCompileExec2271807241.dir/flags.make' has modification time 1,9 s in the future
/usr/bin/cmake -E cmake_progress_report /media/shared/Tp/M1UPS/TP/OIM/Tp6/build/CMakeFiles/CMakeTmp/CMakeFiles 1
Building C object CMakeFiles/cmTryCompileExec2271807241.dir/testCCompiler.c.o
/usr/bin/cc    -o CMakeFiles/cmTryCompileExec2271807241.dir/testCCompiler.c.o   -c /media/shared/Tp/M1UPS/TP/OIM/Tp6/build/CMakeFiles/CMakeTmp/testCCompiler.c
Linking C executable cmTryCompileExec2271807241
/usr/bin/cmake -E cmake_link_script CMakeFiles/cmTryCompileExec2271807241.dir/link.txt --verbose=1
/usr/bin/cc       CMakeFiles/cmTryCompileExec2271807241.dir/testCCompiler.c.o  -o cmTryCompileExec2271807241 -rdynamic 
make[1]: AVERTISSEMENT : décalage d'horloge détecté. La construction peut être incomplète.
make[1]: Leaving directory '/media/shared/Tp/M1UPS/TP/OIM/Tp6/build/CMakeFiles/CMakeTmp'
make: AVERTISSEMENT : décalage d'horloge détecté. La construction peut être incomplète.


Detecting C compiler ABI info compiled with the following output:
Change Dir: /media/shared/Tp/M1UPS/TP/OIM/Tp6/build/CMakeFiles/CMakeTmp

Run Build Command:/usr/bin/make "cmTryCompileExec593939895/fast"
make: Warning: File 'Makefile' has modification time 1,9 s in the future
/usr/bin/make -f CMakeFiles/cmTryCompileExec593939895.dir/build.make CMakeFiles/cmTryCompileExec593939895.dir/build
make[1]: Entering directory '/media/shared/Tp/M1UPS/TP/OIM/Tp6/build/CMakeFiles/CMakeTmp'
make[1]: Warning: File 'CMakeFiles/cmTryCompileExec593939895.dir/flags.make' has modification time 1,9 s in the future
/usr/bin/cmake -E cmake_progress_report /media/shared/Tp/M1UPS/TP/OIM/Tp6/build/CMakeFiles/CMakeTmp/CMakeFiles 1
Building C object CMakeFiles/cmTryCompileExec593939895.dir/CMakeCCompilerABI.c.o
/usr/bin/cc    -o CMakeFiles/cmTryCompileExec593939895.dir/CMakeCCompilerABI.c.o   -c /usr/share/cmake-2.8/Modules/CMakeCCompilerABI.c
Linking C executable cmTryCompileExec593939895
/usr/bin/cmake -E cmake_link_script CMakeFiles/cmTryCompileExec593939895.dir/link.txt --verbose=1
/usr/bin/cc     -v CMakeFiles/cmTryCompileExec593939895.dir/CMakeCCompilerABI.c.o  -o cmTryCompileExec593939895 -rdynamic  
Utilisation des specs internes.
COLLECT_GCC=/usr/bin/cc
COLLECT_LTO_WRAPPER=/usr/lib/gcc/i686-pc-linux-gnu/4.8.2/lto-wrapper
Target: i686-pc-linux-gnu
Configuré avec: /build/gcc/src/gcc-4.8.2/configure --prefix=/usr --libdir=/usr/lib --libexecdir=/usr/lib --mandir=/usr/share/man --infodir=/usr/share/info --with-bugurl=https://bugs.archlinux.org/ --enable-languages=c,c++,ada,fortran,go,lto,objc,obj-c++ --enable-shared --enable-threads=posix --with-system-zlib --enable-__cxa_atexit --disable-libunwind-exceptions --enable-clocale=gnu --disable-libstdcxx-pch --enable-gnu-unique-object --enable-linker-build-id --enable-cloog-backend=isl --disable-cloog-version-check --enable-lto --enable-gold --enable-ld=default --enable-plugin --with-plugin-ld=ld.gold --with-linker-hash-style=gnu --disable-install-libiberty --disable-multilib --disable-libssp --disable-werror --enable-checking=release
Modèle de thread: posix
gcc version 4.8.2 (GCC) 
COMPILER_PATH=/usr/lib/gcc/i686-pc-linux-gnu/4.8.2/:/usr/lib/gcc/i686-pc-linux-gnu/4.8.2/:/usr/lib/gcc/i686-pc-linux-gnu/:/usr/lib/gcc/i686-pc-linux-gnu/4.8.2/:/usr/lib/gcc/i686-pc-linux-gnu/
LIBRARY_PATH=/usr/lib/gcc/i686-pc-linux-gnu/4.8.2/:/usr/lib/gcc/i686-pc-linux-gnu/4.8.2/../../../:/lib/:/usr/lib/
COLLECT_GCC_OPTIONS='-v' '-o' 'cmTryCompileExec593939895' '-rdynamic' '-mtune=generic' '-march=pentiumpro'
 /usr/lib/gcc/i686-pc-linux-gnu/4.8.2/collect2 --build-id --eh-frame-hdr --hash-style=gnu -m elf_i386 -export-dynamic -dynamic-linker /lib/ld-linux.so.2 -o cmTryCompileExec593939895 /usr/lib/gcc/i686-pc-linux-gnu/4.8.2/../../../crt1.o /usr/lib/gcc/i686-pc-linux-gnu/4.8.2/../../../crti.o /usr/lib/gcc/i686-pc-linux-gnu/4.8.2/crtbegin.o -L/usr/lib/gcc/i686-pc-linux-gnu/4.8.2 -L/usr/lib/gcc/i686-pc-linux-gnu/4.8.2/../../.. CMakeFiles/cmTryCompileExec593939895.dir/CMakeCCompilerABI.c.o -lgcc --as-needed -lgcc_s --no-as-needed -lc -lgcc --as-needed -lgcc_s --no-as-needed /usr/lib/gcc/i686-pc-linux-gnu/4.8.2/crtend.o /usr/lib/gcc/i686-pc-linux-gnu/4.8.2/../../../crtn.o
make[1]: AVERTISSEMENT : décalage d'horloge détecté. La construction peut être incomplète.
make[1]: Leaving directory '/media/shared/Tp/M1UPS/TP/OIM/Tp6/build/CMakeFiles/CMakeTmp'
make: AVERTISSEMENT : décalage d'horloge détecté. La construction peut être incomplète.


Parsed C implicit link information from above output:
  link line regex: [^( *|.*[/\])(ld|([^/\]+-)?ld|collect2)[^/\]*( |$)]
  ignore line: [Change Dir: /media/shared/Tp/M1UPS/TP/OIM/Tp6/build/CMakeFiles/CMakeTmp]
  ignore line: []
  ignore line: [Run Build Command:/usr/bin/make "cmTryCompileExec593939895/fast"]
  ignore line: [make: Warning: File 'Makefile' has modification time 1,9 s in the future]
  ignore line: [/usr/bin/make -f CMakeFiles/cmTryCompileExec593939895.dir/build.make CMakeFiles/cmTryCompileExec593939895.dir/build]
  ignore line: [make[1]: Entering directory '/media/shared/Tp/M1UPS/TP/OIM/Tp6/build/CMakeFiles/CMakeTmp']
  ignore line: [make[1]: Warning: File 'CMakeFiles/cmTryCompileExec593939895.dir/flags.make' has modification time 1,9 s in the future]
  ignore line: [/usr/bin/cmake -E cmake_progress_report /media/shared/Tp/M1UPS/TP/OIM/Tp6/build/CMakeFiles/CMakeTmp/CMakeFiles 1]
  ignore line: [Building C object CMakeFiles/cmTryCompileExec593939895.dir/CMakeCCompilerABI.c.o]
  ignore line: [/usr/bin/cc    -o CMakeFiles/cmTryCompileExec593939895.dir/CMakeCCompilerABI.c.o   -c /usr/share/cmake-2.8/Modules/CMakeCCompilerABI.c]
  ignore line: [Linking C executable cmTryCompileExec593939895]
  ignore line: [/usr/bin/cmake -E cmake_link_script CMakeFiles/cmTryCompileExec593939895.dir/link.txt --verbose=1]
  ignore line: [/usr/bin/cc     -v CMakeFiles/cmTryCompileExec593939895.dir/CMakeCCompilerABI.c.o  -o cmTryCompileExec593939895 -rdynamic  ]
  ignore line: [Utilisation des specs internes.]
  ignore line: [COLLECT_GCC=/usr/bin/cc]
  ignore line: [COLLECT_LTO_WRAPPER=/usr/lib/gcc/i686-pc-linux-gnu/4.8.2/lto-wrapper]
  ignore line: [Target: i686-pc-linux-gnu]
  ignore line: [Configuré avec: /build/gcc/src/gcc-4.8.2/configure --prefix=/usr --libdir=/usr/lib --libexecdir=/usr/lib --mandir=/usr/share/man --infodir=/usr/share/info --with-bugurl=https://bugs.archlinux.org/ --enable-languages=c,c++,ada,fortran,go,lto,objc,obj-c++ --enable-shared --enable-threads=posix --with-system-zlib --enable-__cxa_atexit --disable-libunwind-exceptions --enable-clocale=gnu --disable-libstdcxx-pch --enable-gnu-unique-object --enable-linker-build-id --enable-cloog-backend=isl --disable-cloog-version-check --enable-lto --enable-gold --enable-ld=default --enable-plugin --with-plugin-ld=ld.gold --with-linker-hash-style=gnu --disable-install-libiberty --disable-multilib --disable-libssp --disable-werror --enable-checking=release]
  ignore line: [Modèle de thread: posix]
  ignore line: [gcc version 4.8.2 (GCC) ]
  ignore line: [COMPILER_PATH=/usr/lib/gcc/i686-pc-linux-gnu/4.8.2/:/usr/lib/gcc/i686-pc-linux-gnu/4.8.2/:/usr/lib/gcc/i686-pc-linux-gnu/:/usr/lib/gcc/i686-pc-linux-gnu/4.8.2/:/usr/lib/gcc/i686-pc-linux-gnu/]
  ignore line: [LIBRARY_PATH=/usr/lib/gcc/i686-pc-linux-gnu/4.8.2/:/usr/lib/gcc/i686-pc-linux-gnu/4.8.2/../../../:/lib/:/usr/lib/]
  ignore line: [COLLECT_GCC_OPTIONS='-v' '-o' 'cmTryCompileExec593939895' '-rdynamic' '-mtune=generic' '-march=pentiumpro']
  link line: [ /usr/lib/gcc/i686-pc-linux-gnu/4.8.2/collect2 --build-id --eh-frame-hdr --hash-style=gnu -m elf_i386 -export-dynamic -dynamic-linker /lib/ld-linux.so.2 -o cmTryCompileExec593939895 /usr/lib/gcc/i686-pc-linux-gnu/4.8.2/../../../crt1.o /usr/lib/gcc/i686-pc-linux-gnu/4.8.2/../../../crti.o /usr/lib/gcc/i686-pc-linux-gnu/4.8.2/crtbegin.o -L/usr/lib/gcc/i686-pc-linux-gnu/4.8.2 -L/usr/lib/gcc/i686-pc-linux-gnu/4.8.2/../../.. CMakeFiles/cmTryCompileExec593939895.dir/CMakeCCompilerABI.c.o -lgcc --as-needed -lgcc_s --no-as-needed -lc -lgcc --as-needed -lgcc_s --no-as-needed /usr/lib/gcc/i686-pc-linux-gnu/4.8.2/crtend.o /usr/lib/gcc/i686-pc-linux-gnu/4.8.2/../../../crtn.o]
    arg [/usr/lib/gcc/i686-pc-linux-gnu/4.8.2/collect2] ==> ignore
    arg [--build-id] ==> ignore
    arg [--eh-frame-hdr] ==> ignore
    arg [--hash-style=gnu] ==> ignore
    arg [-m] ==> ignore
    arg [elf_i386] ==> ignore
    arg [-export-dynamic] ==> ignore
    arg [-dynamic-linker] ==> ignore
    arg [/lib/ld-linux.so.2] ==> ignore
    arg [-o] ==> ignore
    arg [cmTryCompileExec593939895] ==> ignore
    arg [/usr/lib/gcc/i686-pc-linux-gnu/4.8.2/../../../crt1.o] ==> ignore
    arg [/usr/lib/gcc/i686-pc-linux-gnu/4.8.2/../../../crti.o] ==> ignore
    arg [/usr/lib/gcc/i686-pc-linux-gnu/4.8.2/crtbegin.o] ==> ignore
    arg [-L/usr/lib/gcc/i686-pc-linux-gnu/4.8.2] ==> dir [/usr/lib/gcc/i686-pc-linux-gnu/4.8.2]
    arg [-L/usr/lib/gcc/i686-pc-linux-gnu/4.8.2/../../..] ==> dir [/usr/lib/gcc/i686-pc-linux-gnu/4.8.2/../../..]
    arg [CMakeFiles/cmTryCompileExec593939895.dir/CMakeCCompilerABI.c.o] ==> ignore
    arg [-lgcc] ==> lib [gcc]
    arg [--as-needed] ==> ignore
    arg [-lgcc_s] ==> lib [gcc_s]
    arg [--no-as-needed] ==> ignore
    arg [-lc] ==> lib [c]
    arg [-lgcc] ==> lib [gcc]
    arg [--as-needed] ==> ignore
    arg [-lgcc_s] ==> lib [gcc_s]
    arg [--no-as-needed] ==> ignore
    arg [/usr/lib/gcc/i686-pc-linux-gnu/4.8.2/crtend.o] ==> ignore
    arg [/usr/lib/gcc/i686-pc-linux-gnu/4.8.2/../../../crtn.o] ==> ignore
  remove lib [gcc]
  remove lib [gcc_s]
  remove lib [gcc]
  remove lib [gcc_s]
  collapse library dir [/usr/lib/gcc/i686-pc-linux-gnu/4.8.2] ==> [/usr/lib/gcc/i686-pc-linux-gnu/4.8.2]
  collapse library dir [/usr/lib/gcc/i686-pc-linux-gnu/4.8.2/../../..] ==> [/usr/lib]
  implicit libs: [c]
  implicit dirs: [/usr/lib/gcc/i686-pc-linux-gnu/4.8.2;/usr/lib]
  implicit fwks: []


Determining if the CXX compiler works passed with the following output:
Change Dir: /media/shared/Tp/M1UPS/TP/OIM/Tp6/build/CMakeFiles/CMakeTmp

Run Build Command:/usr/bin/make "cmTryCompileExec3435322275/fast"
make: Warning: File 'Makefile' has modification time 1,9 s in the future
/usr/bin/make -f CMakeFiles/cmTryCompileExec3435322275.dir/build.make CMakeFiles/cmTryCompileExec3435322275.dir/build
make[1]: Entering directory '/media/shared/Tp/M1UPS/TP/OIM/Tp6/build/CMakeFiles/CMakeTmp'
make[1]: Warning: File 'CMakeFiles/cmTryCompileExec3435322275.dir/flags.make' has modification time 1,9 s in the future
/usr/bin/cmake -E cmake_progress_report /media/shared/Tp/M1UPS/TP/OIM/Tp6/build/CMakeFiles/CMakeTmp/CMakeFiles 1
Building CXX object CMakeFiles/cmTryCompileExec3435322275.dir/testCXXCompiler.cxx.o
/usr/bin/c++     -o CMakeFiles/cmTryCompileExec3435322275.dir/testCXXCompiler.cxx.o -c /media/shared/Tp/M1UPS/TP/OIM/Tp6/build/CMakeFiles/CMakeTmp/testCXXCompiler.cxx
Linking CXX executable cmTryCompileExec3435322275
/usr/bin/cmake -E cmake_link_script CMakeFiles/cmTryCompileExec3435322275.dir/link.txt --verbose=1
/usr/bin/c++        CMakeFiles/cmTryCompileExec3435322275.dir/testCXXCompiler.cxx.o  -o cmTryCompileExec3435322275 -rdynamic 
make[1]: AVERTISSEMENT : décalage d'horloge détecté. La construction peut être incomplète.
make[1]: Leaving directory '/media/shared/Tp/M1UPS/TP/OIM/Tp6/build/CMakeFiles/CMakeTmp'
make: AVERTISSEMENT : décalage d'horloge détecté. La construction peut être incomplète.


Detecting CXX compiler ABI info compiled with the following output:
Change Dir: /media/shared/Tp/M1UPS/TP/OIM/Tp6/build/CMakeFiles/CMakeTmp

Run Build Command:/usr/bin/make "cmTryCompileExec88949278/fast"
make: Warning: File 'Makefile' has modification time 1,9 s in the future
/usr/bin/make -f CMakeFiles/cmTryCompileExec88949278.dir/build.make CMakeFiles/cmTryCompileExec88949278.dir/build
make[1]: Entering directory '/media/shared/Tp/M1UPS/TP/OIM/Tp6/build/CMakeFiles/CMakeTmp'
make[1]: Warning: File 'CMakeFiles/cmTryCompileExec88949278.dir/flags.make' has modification time 1,9 s in the future
/usr/bin/cmake -E cmake_progress_report /media/shared/Tp/M1UPS/TP/OIM/Tp6/build/CMakeFiles/CMakeTmp/CMakeFiles 1
Building CXX object CMakeFiles/cmTryCompileExec88949278.dir/CMakeCXXCompilerABI.cpp.o
/usr/bin/c++     -o CMakeFiles/cmTryCompileExec88949278.dir/CMakeCXXCompilerABI.cpp.o -c /usr/share/cmake-2.8/Modules/CMakeCXXCompilerABI.cpp
Linking CXX executable cmTryCompileExec88949278
/usr/bin/cmake -E cmake_link_script CMakeFiles/cmTryCompileExec88949278.dir/link.txt --verbose=1
/usr/bin/c++      -v CMakeFiles/cmTryCompileExec88949278.dir/CMakeCXXCompilerABI.cpp.o  -o cmTryCompileExec88949278 -rdynamic  
Utilisation des specs internes.
COLLECT_GCC=/usr/bin/c++
COLLECT_LTO_WRAPPER=/usr/lib/gcc/i686-pc-linux-gnu/4.8.2/lto-wrapper
Target: i686-pc-linux-gnu
Configuré avec: /build/gcc/src/gcc-4.8.2/configure --prefix=/usr --libdir=/usr/lib --libexecdir=/usr/lib --mandir=/usr/share/man --infodir=/usr/share/info --with-bugurl=https://bugs.archlinux.org/ --enable-languages=c,c++,ada,fortran,go,lto,objc,obj-c++ --enable-shared --enable-threads=posix --with-system-zlib --enable-__cxa_atexit --disable-libunwind-exceptions --enable-clocale=gnu --disable-libstdcxx-pch --enable-gnu-unique-object --enable-linker-build-id --enable-cloog-backend=isl --disable-cloog-version-check --enable-lto --enable-gold --enable-ld=default --enable-plugin --with-plugin-ld=ld.gold --with-linker-hash-style=gnu --disable-install-libiberty --disable-multilib --disable-libssp --disable-werror --enable-checking=release
Modèle de thread: posix
gcc version 4.8.2 (GCC) 
COMPILER_PATH=/usr/lib/gcc/i686-pc-linux-gnu/4.8.2/:/usr/lib/gcc/i686-pc-linux-gnu/4.8.2/:/usr/lib/gcc/i686-pc-linux-gnu/:/usr/lib/gcc/i686-pc-linux-gnu/4.8.2/:/usr/lib/gcc/i686-pc-linux-gnu/
LIBRARY_PATH=/usr/lib/gcc/i686-pc-linux-gnu/4.8.2/:/usr/lib/gcc/i686-pc-linux-gnu/4.8.2/../../../:/lib/:/usr/lib/
COLLECT_GCC_OPTIONS='-v' '-o' 'cmTryCompileExec88949278' '-rdynamic' '-shared-libgcc' '-mtune=generic' '-march=pentiumpro'
 /usr/lib/gcc/i686-pc-linux-gnu/4.8.2/collect2 --build-id --eh-frame-hdr --hash-style=gnu -m elf_i386 -export-dynamic -dynamic-linker /lib/ld-linux.so.2 -o cmTryCompileExec88949278 /usr/lib/gcc/i686-pc-linux-gnu/4.8.2/../../../crt1.o /usr/lib/gcc/i686-pc-linux-gnu/4.8.2/../../../crti.o /usr/lib/gcc/i686-pc-linux-gnu/4.8.2/crtbegin.o -L/usr/lib/gcc/i686-pc-linux-gnu/4.8.2 -L/usr/lib/gcc/i686-pc-linux-gnu/4.8.2/../../.. CMakeFiles/cmTryCompileExec88949278.dir/CMakeCXXCompilerABI.cpp.o -lstdc++ -lm -lgcc_s -lgcc -lc -lgcc_s -lgcc /usr/lib/gcc/i686-pc-linux-gnu/4.8.2/crtend.o /usr/lib/gcc/i686-pc-linux-gnu/4.8.2/../../../crtn.o
make[1]: AVERTISSEMENT : décalage d'horloge détecté. La construction peut être incomplète.
make[1]: Leaving directory '/media/shared/Tp/M1UPS/TP/OIM/Tp6/build/CMakeFiles/CMakeTmp'
make: AVERTISSEMENT : décalage d'horloge détecté. La construction peut être incomplète.


Parsed CXX implicit link information from above output:
  link line regex: [^( *|.*[/\])(ld|([^/\]+-)?ld|collect2)[^/\]*( |$)]
  ignore line: [Change Dir: /media/shared/Tp/M1UPS/TP/OIM/Tp6/build/CMakeFiles/CMakeTmp]
  ignore line: []
  ignore line: [Run Build Command:/usr/bin/make "cmTryCompileExec88949278/fast"]
  ignore line: [make: Warning: File 'Makefile' has modification time 1,9 s in the future]
  ignore line: [/usr/bin/make -f CMakeFiles/cmTryCompileExec88949278.dir/build.make CMakeFiles/cmTryCompileExec88949278.dir/build]
  ignore line: [make[1]: Entering directory '/media/shared/Tp/M1UPS/TP/OIM/Tp6/build/CMakeFiles/CMakeTmp']
  ignore line: [make[1]: Warning: File 'CMakeFiles/cmTryCompileExec88949278.dir/flags.make' has modification time 1,9 s in the future]
  ignore line: [/usr/bin/cmake -E cmake_progress_report /media/shared/Tp/M1UPS/TP/OIM/Tp6/build/CMakeFiles/CMakeTmp/CMakeFiles 1]
  ignore line: [Building CXX object CMakeFiles/cmTryCompileExec88949278.dir/CMakeCXXCompilerABI.cpp.o]
  ignore line: [/usr/bin/c++     -o CMakeFiles/cmTryCompileExec88949278.dir/CMakeCXXCompilerABI.cpp.o -c /usr/share/cmake-2.8/Modules/CMakeCXXCompilerABI.cpp]
  ignore line: [Linking CXX executable cmTryCompileExec88949278]
  ignore line: [/usr/bin/cmake -E cmake_link_script CMakeFiles/cmTryCompileExec88949278.dir/link.txt --verbose=1]
  ignore line: [/usr/bin/c++      -v CMakeFiles/cmTryCompileExec88949278.dir/CMakeCXXCompilerABI.cpp.o  -o cmTryCompileExec88949278 -rdynamic  ]
  ignore line: [Utilisation des specs internes.]
  ignore line: [COLLECT_GCC=/usr/bin/c++]
  ignore line: [COLLECT_LTO_WRAPPER=/usr/lib/gcc/i686-pc-linux-gnu/4.8.2/lto-wrapper]
  ignore line: [Target: i686-pc-linux-gnu]
  ignore line: [Configuré avec: /build/gcc/src/gcc-4.8.2/configure --prefix=/usr --libdir=/usr/lib --libexecdir=/usr/lib --mandir=/usr/share/man --infodir=/usr/share/info --with-bugurl=https://bugs.archlinux.org/ --enable-languages=c,c++,ada,fortran,go,lto,objc,obj-c++ --enable-shared --enable-threads=posix --with-system-zlib --enable-__cxa_atexit --disable-libunwind-exceptions --enable-clocale=gnu --disable-libstdcxx-pch --enable-gnu-unique-object --enable-linker-build-id --enable-cloog-backend=isl --disable-cloog-version-check --enable-lto --enable-gold --enable-ld=default --enable-plugin --with-plugin-ld=ld.gold --with-linker-hash-style=gnu --disable-install-libiberty --disable-multilib --disable-libssp --disable-werror --enable-checking=release]
  ignore line: [Modèle de thread: posix]
  ignore line: [gcc version 4.8.2 (GCC) ]
  ignore line: [COMPILER_PATH=/usr/lib/gcc/i686-pc-linux-gnu/4.8.2/:/usr/lib/gcc/i686-pc-linux-gnu/4.8.2/:/usr/lib/gcc/i686-pc-linux-gnu/:/usr/lib/gcc/i686-pc-linux-gnu/4.8.2/:/usr/lib/gcc/i686-pc-linux-gnu/]
  ignore line: [LIBRARY_PATH=/usr/lib/gcc/i686-pc-linux-gnu/4.8.2/:/usr/lib/gcc/i686-pc-linux-gnu/4.8.2/../../../:/lib/:/usr/lib/]
  ignore line: [COLLECT_GCC_OPTIONS='-v' '-o' 'cmTryCompileExec88949278' '-rdynamic' '-shared-libgcc' '-mtune=generic' '-march=pentiumpro']
  link line: [ /usr/lib/gcc/i686-pc-linux-gnu/4.8.2/collect2 --build-id --eh-frame-hdr --hash-style=gnu -m elf_i386 -export-dynamic -dynamic-linker /lib/ld-linux.so.2 -o cmTryCompileExec88949278 /usr/lib/gcc/i686-pc-linux-gnu/4.8.2/../../../crt1.o /usr/lib/gcc/i686-pc-linux-gnu/4.8.2/../../../crti.o /usr/lib/gcc/i686-pc-linux-gnu/4.8.2/crtbegin.o -L/usr/lib/gcc/i686-pc-linux-gnu/4.8.2 -L/usr/lib/gcc/i686-pc-linux-gnu/4.8.2/../../.. CMakeFiles/cmTryCompileExec88949278.dir/CMakeCXXCompilerABI.cpp.o -lstdc++ -lm -lgcc_s -lgcc -lc -lgcc_s -lgcc /usr/lib/gcc/i686-pc-linux-gnu/4.8.2/crtend.o /usr/lib/gcc/i686-pc-linux-gnu/4.8.2/../../../crtn.o]
    arg [/usr/lib/gcc/i686-pc-linux-gnu/4.8.2/collect2] ==> ignore
    arg [--build-id] ==> ignore
    arg [--eh-frame-hdr] ==> ignore
    arg [--hash-style=gnu] ==> ignore
    arg [-m] ==> ignore
    arg [elf_i386] ==> ignore
    arg [-export-dynamic] ==> ignore
    arg [-dynamic-linker] ==> ignore
    arg [/lib/ld-linux.so.2] ==> ignore
    arg [-o] ==> ignore
    arg [cmTryCompileExec88949278] ==> ignore
    arg [/usr/lib/gcc/i686-pc-linux-gnu/4.8.2/../../../crt1.o] ==> ignore
    arg [/usr/lib/gcc/i686-pc-linux-gnu/4.8.2/../../../crti.o] ==> ignore
    arg [/usr/lib/gcc/i686-pc-linux-gnu/4.8.2/crtbegin.o] ==> ignore
    arg [-L/usr/lib/gcc/i686-pc-linux-gnu/4.8.2] ==> dir [/usr/lib/gcc/i686-pc-linux-gnu/4.8.2]
    arg [-L/usr/lib/gcc/i686-pc-linux-gnu/4.8.2/../../..] ==> dir [/usr/lib/gcc/i686-pc-linux-gnu/4.8.2/../../..]
    arg [CMakeFiles/cmTryCompileExec88949278.dir/CMakeCXXCompilerABI.cpp.o] ==> ignore
    arg [-lstdc++] ==> lib [stdc++]
    arg [-lm] ==> lib [m]
    arg [-lgcc_s] ==> lib [gcc_s]
    arg [-lgcc] ==> lib [gcc]
    arg [-lc] ==> lib [c]
    arg [-lgcc_s] ==> lib [gcc_s]
    arg [-lgcc] ==> lib [gcc]
    arg [/usr/lib/gcc/i686-pc-linux-gnu/4.8.2/crtend.o] ==> ignore
    arg [/usr/lib/gcc/i686-pc-linux-gnu/4.8.2/../../../crtn.o] ==> ignore
  remove lib [gcc_s]
  remove lib [gcc]
  remove lib [gcc_s]
  remove lib [gcc]
  collapse library dir [/usr/lib/gcc/i686-pc-linux-gnu/4.8.2] ==> [/usr/lib/gcc/i686-pc-linux-gnu/4.8.2]
  collapse library dir [/usr/lib/gcc/i686-pc-linux-gnu/4.8.2/../../..] ==> [/usr/lib]
  implicit libs: [stdc++;m;c]
  implicit dirs: [/usr/lib/gcc/i686-pc-linux-gnu/4.8.2;/usr/lib]
  implicit fwks: []


